<?xml version="1.0" encoding="UTF-8"?>
<coverage generated="1609000195530" clover="3.2.0">
  <project timestamp="1609000195530" name="All files">
    <metrics statements="103" coveredstatements="103" conditionals="81" coveredconditionals="81" methods="23" coveredmethods="23" elements="207" coveredelements="207" complexity="0" loc="103" ncloc="103" packages="1" files="4" classes="4"/>
    <file name="index.ts" path="/Users/bostjan/Projects/TimedQueue/src/index.ts">
      <metrics statements="4" coveredstatements="4" conditionals="0" coveredconditionals="0" methods="0" coveredmethods="0"/>
      <line num="1" count="2" type="stmt"/>
      <line num="2" count="2" type="stmt"/>
      <line num="13" count="2" type="stmt"/>
      <line num="14" count="2" type="stmt"/>
    </file>
    <file name="queue.ts" path="/Users/bostjan/Projects/TimedQueue/src/queue.ts">
      <metrics statements="66" coveredstatements="66" conditionals="77" coveredconditionals="77" methods="11" coveredmethods="11"/>
      <line num="1" count="2" type="stmt"/>
      <line num="3" count="2" type="stmt"/>
      <line num="10" count="2" type="stmt"/>
      <line num="11" count="9" type="stmt"/>
      <line num="12" count="9" type="stmt"/>
      <line num="14" count="16" type="cond" truecount="2" falsecount="0"/>
      <line num="15" count="9" type="stmt"/>
      <line num="21" count="2" type="stmt"/>
      <line num="22" count="8" type="stmt"/>
      <line num="23" count="8" type="stmt"/>
      <line num="25" count="29" type="cond" truecount="2" falsecount="0"/>
      <line num="26" count="21" type="stmt"/>
      <line num="27" count="29" type="cond" truecount="2" falsecount="0"/>
      <line num="28" count="13" type="stmt"/>
      <line num="29" count="13" type="cond" truecount="6" falsecount="0"/>
      <line num="30" count="9" type="stmt"/>
      <line num="33" count="13" type="cond" truecount="6" falsecount="0"/>
      <line num="34" count="2" type="stmt"/>
      <line num="36" count="13" type="stmt"/>
      <line num="37" count="13" type="stmt"/>
      <line num="38" count="13" type="stmt"/>
      <line num="39" count="13" type="cond" truecount="6" falsecount="0"/>
      <line num="40" count="2" type="stmt"/>
      <line num="43" count="8" type="stmt"/>
      <line num="44" count="8" type="stmt"/>
      <line num="47" count="8" type="cond" truecount="1" falsecount="0"/>
      <line num="53" count="2" type="stmt"/>
      <line num="54" count="1" type="stmt"/>
      <line num="66" count="2" type="stmt"/>
      <line num="67" count="13" type="stmt"/>
      <line num="69" count="13" type="cond" truecount="2" falsecount="0"/>
      <line num="70" count="11" type="stmt"/>
      <line num="73" count="13" type="cond" truecount="8" falsecount="0"/>
      <line num="74" count="2" type="stmt"/>
      <line num="77" count="13" type="cond" truecount="8" falsecount="0"/>
      <line num="78" count="4" type="stmt"/>
      <line num="81" count="13" type="stmt"/>
      <line num="89" count="2" type="stmt"/>
      <line num="90" count="9" type="cond" truecount="2" falsecount="0"/>
      <line num="91" count="1" type="stmt"/>
      <line num="93" count="9" type="cond" truecount="2" falsecount="0"/>
      <line num="94" count="2" type="stmt"/>
      <line num="96" count="9" type="cond" truecount="2" falsecount="0"/>
      <line num="97" count="1" type="stmt"/>
      <line num="98" count="1" type="stmt"/>
      <line num="109" count="2" type="stmt"/>
      <line num="110" count="20" type="stmt"/>
      <line num="112" count="20" type="cond" truecount="8" falsecount="0"/>
      <line num="113" count="7" type="stmt"/>
      <line num="116" count="20" type="stmt"/>
      <line num="117" count="20" type="stmt"/>
      <line num="119" count="20" type="stmt"/>
      <line num="120" count="7" type="stmt"/>
      <line num="122" count="13" type="stmt"/>
      <line num="136" count="39" type="cond" truecount="2" falsecount="0"/>
      <line num="137" count="32" type="cond" truecount="2" falsecount="0"/>
      <line num="138" count="20" type="cond" truecount="6" falsecount="0"/>
      <line num="139" count="2" type="stmt"/>
      <line num="141" count="20" type="stmt"/>
      <line num="142" count="20" type="cond" truecount="6" falsecount="0"/>
      <line num="143" count="3" type="stmt"/>
      <line num="145" count="27" type="cond" truecount="2" falsecount="0"/>
      <line num="146" count="13" type="cond" truecount="2" falsecount="0"/>
      <line num="148" count="7" type="stmt"/>
      <line num="151" count="2" type="stmt"/>
      <line num="153" count="2" type="stmt"/>
    </file>
    <file name="tasks.ts" path="/Users/bostjan/Projects/TimedQueue/src/tasks.ts">
      <metrics statements="30" coveredstatements="30" conditionals="2" coveredconditionals="2" methods="11" coveredmethods="11"/>
      <line num="7" count="2" type="stmt"/>
      <line num="8" count="15" type="stmt"/>
      <line num="9" count="15" type="stmt"/>
      <line num="10" count="15" type="stmt"/>
      <line num="14" count="2" type="stmt"/>
      <line num="15" count="15" type="stmt"/>
      <line num="18" count="2" type="stmt"/>
      <line num="19" count="2" type="stmt"/>
      <line num="20" count="4" type="stmt"/>
      <line num="24" count="2" type="stmt"/>
      <line num="25" count="2" type="stmt"/>
      <line num="28" count="2" type="stmt"/>
      <line num="29" count="24" type="stmt"/>
      <line num="32" count="2" type="stmt"/>
      <line num="33" count="9" type="stmt"/>
      <line num="34" count="1" type="stmt"/>
      <line num="36" count="9" type="stmt"/>
      <line num="37" count="9" type="stmt"/>
      <line num="40" count="2" type="stmt"/>
      <line num="41" count="31" type="stmt"/>
      <line num="44" count="2" type="stmt"/>
      <line num="45" count="19" type="stmt"/>
      <line num="48" count="2" type="stmt"/>
      <line num="49" count="24" type="cond" truecount="2" falsecount="0"/>
      <line num="50" count="14" type="stmt"/>
      <line num="51" count="14" type="stmt"/>
      <line num="52" count="14" type="stmt"/>
      <line num="54" count="10" type="stmt"/>
      <line num="57" count="2" type="stmt"/>
      <line num="59" count="2" type="stmt"/>
    </file>
    <file name="types.ts" path="/Users/bostjan/Projects/TimedQueue/src/types.ts">
      <metrics statements="3" coveredstatements="3" conditionals="2" coveredconditionals="2" methods="1" coveredmethods="1"/>
      <line num="25" count="2" type="cond" truecount="2" falsecount="0"/>
      <line num="26" count="2" type="stmt"/>
      <line num="27" count="2" type="stmt"/>
    </file>
  </project>
</coverage>
