{"/Users/bostjan/Projects/TimedQueue/src/index.ts": {"path":"/Users/bostjan/Projects/TimedQueue/src/index.ts","statementMap":{"0":{"start":{"line":1,"column":0},"end":{"line":1,"column":7}},"1":{"start":{"line":13,"column":1},"end":{"line":1,"column":37}},"2":{"start":{"line":2,"column":0},"end":{"line":2,"column":7}},"3":{"start":{"line":14,"column":1},"end":{"line":2,"column":42}}},"fnMap":{},"branchMap":{},"s":{"0":2,"1":2,"2":2,"3":2},"f":{},"b":{}}
,"/Users/bostjan/Projects/TimedQueue/src/queue.ts": {"path":"/Users/bostjan/Projects/TimedQueue/src/queue.ts","statementMap":{"0":{"start":{"line":1,"column":0},"end":{"line":1,"column":35}},"1":{"start":{"line":3,"column":0},"end":{"line":3,"column":null}},"2":{"start":{"line":10,"column":0},"end":{"line":10,"column":null}},"3":{"start":{"line":13,"column":14},"end":{"line":13,"column":null}},"4":{"start":{"line":11,"column":9},"end":{"line":11,"column":null}},"5":{"start":{"line":14,"column":2},"end":{"line":14,"column":null}},"6":{"start":{"line":20,"column":14},"end":{"line":39,"column":null}},"7":{"start":{"line":21,"column":8},"end":{"line":21,"column":null}},"8":{"start":{"line":22,"column":6},"end":{"line":22,"column":null}},"9":{"start":{"line":24,"column":9},"end":{"line":24,"column":null}},"10":{"start":{"line":24,"column":25},"end":{"line":24,"column":null}},"11":{"start":{"line":25,"column":9},"end":{"line":25,"column":null}},"12":{"start":{"line":26,"column":8},"end":{"line":26,"column":12}},"13":{"start":{"line":27,"column":8},"end":{"line":27,"column":null}},"14":{"start":{"line":28,"column":4},"end":{"line":30,"column":null}},"15":{"start":{"line":29,"column":5},"end":{"line":29,"column":null}},"16":{"start":{"line":31,"column":19},"end":{"line":31,"column":null}},"17":{"start":{"line":31,"column":10},"end":{"line":31,"column":null}},"18":{"start":{"line":32,"column":4},"end":{"line":32,"column":null}},"19":{"start":{"line":34,"column":4},"end":{"line":34,"column":null}},"20":{"start":{"line":35,"column":4},"end":{"line":35,"column":null}},"21":{"start":{"line":38,"column":2},"end":{"line":38,"column":null}},"22":{"start":{"line":44,"column":8},"end":{"line":48,"column":null}},"23":{"start":{"line":45,"column":2},"end":{"line":47,"column":null}},"24":{"start":{"line":55,"column":9},"end":{"line":59,"column":null}},"25":{"start":{"line":56,"column":2},"end":{"line":58,"column":null}},"26":{"start":{"line":57,"column":3},"end":{"line":57,"column":null}},"27":{"start":{"line":67,"column":15},"end":{"line":85,"column":null}},"28":{"start":{"line":68,"column":8},"end":{"line":68,"column":null}},"29":{"start":{"line":69,"column":6},"end":{"line":69,"column":null}},"30":{"start":{"line":71,"column":2},"end":{"line":73,"column":null}},"31":{"start":{"line":72,"column":3},"end":{"line":72,"column":null}},"32":{"start":{"line":75,"column":2},"end":{"line":84,"column":null}},"33":{"start":{"line":76,"column":3},"end":{"line":83,"column":null}},"34":{"start":{"line":76,"column":15},"end":{"line":83,"column":6}},"35":{"start":{"line":78,"column":20},"end":{"line":78,"column":57}},"36":{"start":{"line":78,"column":11},"end":{"line":78,"column":null}},"37":{"start":{"line":79,"column":5},"end":{"line":79,"column":null}},"38":{"start":{"line":81,"column":5},"end":{"line":81,"column":null}},"39":{"start":{"line":93,"column":15},"end":{"line":101,"column":null}},"40":{"start":{"line":93,"column":70},"end":{"line":93,"column":null}},"41":{"start":{"line":94,"column":7},"end":{"line":94,"column":12}},"42":{"start":{"line":95,"column":18},"end":{"line":95,"column":null}},"43":{"start":{"line":95,"column":67},"end":{"line":95,"column":70}},"44":{"start":{"line":95,"column":9},"end":{"line":95,"column":null}},"45":{"start":{"line":96,"column":8},"end":{"line":96,"column":14}},"46":{"start":{"line":97,"column":11},"end":{"line":97,"column":null}},"47":{"start":{"line":97,"column":4},"end":{"line":97,"column":null}},"48":{"start":{"line":99,"column":3},"end":{"line":99,"column":null}},"49":{"start":{"line":102,"column":0},"end":{"line":102,"column":null}},"50":{"start":{"line":104,"column":0},"end":{"line":104,"column":null}}},"fnMap":{"0":{"name":"(anonymous_15)","decl":{"start":{"line":10,"column":0},"end":{"line":10,"column":null}},"loc":{"start":{"line":10,"column":0},"end":{"line":102,"column":null}}},"1":{"name":"TimedRetryQueue","decl":{"start":{"line":13,"column":1},"end":{"line":13,"column":14}},"loc":{"start":{"line":13,"column":50},"end":{"line":15,"column":2}}},"2":{"name":"(anonymous_17)","decl":{"start":{"line":20,"column":1},"end":{"line":20,"column":14}},"loc":{"start":{"line":20,"column":51},"end":{"line":39,"column":null}}},"3":{"name":"(anonymous_20)","decl":{"start":{"line":44,"column":1},"end":{"line":44,"column":8}},"loc":{"start":{"line":44,"column":1},"end":{"line":48,"column":2}}},"4":{"name":"(anonymous_21)","decl":{"start":{"line":55,"column":1},"end":{"line":55,"column":9}},"loc":{"start":{"line":55,"column":54},"end":{"line":59,"column":2}}},"5":{"name":"(anonymous_22)","decl":{"start":{"line":67,"column":1},"end":{"line":67,"column":15}},"loc":{"start":{"line":67,"column":77},"end":{"line":85,"column":null}}},"6":{"name":"(anonymous_25)","decl":{"start":{"line":75,"column":22},"end":{"line":75,"column":24}},"loc":{"start":{"line":75,"column":39},"end":{"line":84,"column":3}}},"7":{"name":"(anonymous_26)","decl":{"start":{"line":76,"column":15},"end":{"line":76,"column":null}},"loc":{"start":{"line":76,"column":15},"end":{"line":83,"column":6}}},"8":{"name":"(anonymous_29)","decl":{"start":{"line":93,"column":1},"end":{"line":93,"column":15}},"loc":{"start":{"line":93,"column":92},"end":{"line":101,"column":null}}},"9":{"name":"(anonymous_32)","decl":{"start":{"line":95,"column":62},"end":{"line":95,"column":63}},"loc":{"start":{"line":95,"column":63},"end":{"line":95,"column":68}}}},"branchMap":{"0":{"loc":{"start":{"line":13,"column":14},"end":{"line":13,"column":null}},"type":"if","locations":[{"start":{"line":13,"column":14},"end":{"line":13,"column":null}},{"start":{"line":13,"column":14},"end":{"line":13,"column":null}}]},"1":{"loc":{"start":{"line":38,"column":2},"end":{"line":38,"column":null}},"type":"switch","locations":[{"start":{"line":38,"column":2},"end":{"line":38,"column":null}}]},"2":{"loc":{"start":{"line":24,"column":9},"end":{"line":24,"column":null}},"type":"if","locations":[{"start":{"line":24,"column":9},"end":{"line":24,"column":null}},{"start":{"line":24,"column":9},"end":{"line":24,"column":null}}]},"3":{"loc":{"start":{"line":26,"column":8},"end":{"line":26,"column":12}},"type":"if","locations":[{"start":{"line":26,"column":8},"end":{"line":26,"column":12}},{"start":{"line":26,"column":8},"end":{"line":26,"column":12}}]},"4":{"loc":{"start":{"line":28,"column":4},"end":{"line":30,"column":null}},"type":"if","locations":[{"start":{"line":28,"column":4},"end":{"line":30,"column":null}},{"start":{"line":28,"column":4},"end":{"line":30,"column":null}}]},"5":{"loc":{"start":{"line":28,"column":24},"end":{"line":28,"column":26}},"type":"cond-expr","locations":[{"start":{"line":28,"column":24},"end":{"line":28,"column":26}},{"start":{"line":28,"column":24},"end":{"line":28,"column":33}}]},"6":{"loc":{"start":{"line":28,"column":4},"end":{"line":28,"column":26}},"type":"binary-expr","locations":[{"start":{"line":28,"column":4},"end":{"line":28,"column":26}},{"start":{"line":28,"column":24},"end":{"line":28,"column":26}}]},"7":{"loc":{"start":{"line":56,"column":2},"end":{"line":58,"column":null}},"type":"if","locations":[{"start":{"line":56,"column":2},"end":{"line":58,"column":null}},{"start":{"line":56,"column":2},"end":{"line":58,"column":null}}]},"8":{"loc":{"start":{"line":68,"column":15},"end":{"line":68,"column":24}},"type":"binary-expr","locations":[{"start":{"line":68,"column":15},"end":{"line":68,"column":24}},{"start":{"line":68,"column":28},"end":{"line":68,"column":30}}]},"9":{"loc":{"start":{"line":71,"column":2},"end":{"line":73,"column":null}},"type":"if","locations":[{"start":{"line":71,"column":2},"end":{"line":73,"column":null}},{"start":{"line":71,"column":2},"end":{"line":73,"column":null}}]},"10":{"loc":{"start":{"line":71,"column":7},"end":{"line":71,"column":32}},"type":"binary-expr","locations":[{"start":{"line":71,"column":7},"end":{"line":71,"column":32}},{"start":{"line":71,"column":36},"end":{"line":71,"column":52}}]},"11":{"loc":{"start":{"line":71,"column":22},"end":{"line":71,"column":24}},"type":"cond-expr","locations":[{"start":{"line":71,"column":22},"end":{"line":71,"column":24}},{"start":{"line":71,"column":22},"end":{"line":71,"column":32}}]},"12":{"loc":{"start":{"line":71,"column":7},"end":{"line":71,"column":24}},"type":"binary-expr","locations":[{"start":{"line":71,"column":7},"end":{"line":71,"column":24}},{"start":{"line":71,"column":22},"end":{"line":71,"column":24}}]},"13":{"loc":{"start":{"line":93,"column":70},"end":{"line":93,"column":null}},"type":"if","locations":[{"start":{"line":93,"column":70},"end":{"line":93,"column":null}},{"start":{"line":93,"column":70},"end":{"line":93,"column":null}}]},"14":{"loc":{"start":{"line":97,"column":4},"end":{"line":97,"column":null}},"type":"switch","locations":[{"start":{"line":97,"column":4},"end":{"line":97,"column":null}},{"start":{"line":99,"column":3},"end":{"line":99,"column":null}}]},"15":{"loc":{"start":{"line":94,"column":7},"end":{"line":94,"column":12}},"type":"if","locations":[{"start":{"line":94,"column":7},"end":{"line":94,"column":12}},{"start":{"line":94,"column":7},"end":{"line":94,"column":12}}]},"16":{"loc":{"start":{"line":96,"column":8},"end":{"line":96,"column":14}},"type":"if","locations":[{"start":{"line":96,"column":8},"end":{"line":96,"column":14}},{"start":{"line":96,"column":8},"end":{"line":96,"column":14}}]}},"s":{"0":2,"1":2,"2":2,"3":7,"4":4,"5":4,"6":2,"7":3,"8":3,"9":10,"10":3,"11":7,"12":10,"13":4,"14":4,"15":1,"16":4,"17":4,"18":4,"19":3,"20":3,"21":3,"22":2,"23":1,"24":2,"25":4,"26":1,"27":2,"28":5,"29":5,"30":5,"31":1,"32":5,"33":5,"34":5,"35":5,"36":3,"37":3,"38":2,"39":2,"40":8,"41":7,"42":5,"43":2,"44":5,"45":8,"46":2,"47":2,"48":3,"49":2,"50":2},"f":{"0":2,"1":4,"2":3,"3":1,"4":4,"5":5,"6":5,"7":10,"8":6,"9":2},"b":{"0":[3,1],"1":[3],"2":[3,7],"3":[3,4],"4":[1,3],"5":[3,1],"6":[4,4],"7":[1,3],"8":[5,3],"9":[1,4],"10":[5,2],"11":[3,2],"12":[5,5],"13":[2,4],"14":[2,3],"15":[1,5],"16":[3,2]}}
,"/Users/bostjan/Projects/TimedQueue/src/tasks.ts": {"path":"/Users/bostjan/Projects/TimedQueue/src/tasks.ts","statementMap":{"0":{"start":{"line":7,"column":0},"end":{"line":7,"column":null}},"1":{"start":{"line":8,"column":12},"end":{"line":8,"column":null}},"2":{"start":{"line":9,"column":12},"end":{"line":9,"column":null}},"3":{"start":{"line":10,"column":12},"end":{"line":10,"column":null}},"4":{"start":{"line":14,"column":11},"end":{"line":16,"column":null}},"5":{"start":{"line":15,"column":8},"end":{"line":15,"column":null}},"6":{"start":{"line":18,"column":11},"end":{"line":22,"column":null}},"7":{"start":{"line":18,"column":4},"end":{"line":18,"column":11}},"8":{"start":{"line":19,"column":8},"end":{"line":21,"column":null}},"9":{"start":{"line":20,"column":12},"end":{"line":20,"column":null}},"10":{"start":{"line":24,"column":11},"end":{"line":26,"column":null}},"11":{"start":{"line":25,"column":8},"end":{"line":25,"column":null}},"12":{"start":{"line":28,"column":11},"end":{"line":30,"column":null}},"13":{"start":{"line":29,"column":8},"end":{"line":29,"column":null}},"14":{"start":{"line":32,"column":11},"end":{"line":38,"column":null}},"15":{"start":{"line":33,"column":8},"end":{"line":35,"column":null}},"16":{"start":{"line":34,"column":12},"end":{"line":34,"column":null}},"17":{"start":{"line":36,"column":8},"end":{"line":36,"column":null}},"18":{"start":{"line":37,"column":8},"end":{"line":37,"column":null}},"19":{"start":{"line":40,"column":11},"end":{"line":42,"column":null}},"20":{"start":{"line":41,"column":8},"end":{"line":41,"column":null}},"21":{"start":{"line":44,"column":12},"end":{"line":46,"column":null}},"22":{"start":{"line":45,"column":8},"end":{"line":45,"column":null}},"23":{"start":{"line":48,"column":12},"end":{"line":55,"column":null}},"24":{"start":{"line":49,"column":8},"end":{"line":53,"column":null}},"25":{"start":{"line":50,"column":25},"end":{"line":50,"column":51}},"26":{"start":{"line":51,"column":12},"end":{"line":51,"column":null}},"27":{"start":{"line":52,"column":12},"end":{"line":52,"column":null}},"28":{"start":{"line":54,"column":8},"end":{"line":54,"column":null}},"29":{"start":{"line":57,"column":0},"end":{"line":57,"column":null}},"30":{"start":{"line":59,"column":0},"end":{"line":59,"column":null}}},"fnMap":{"0":{"name":"(anonymous_0)","decl":{"start":{"line":7,"column":0},"end":{"line":7,"column":null}},"loc":{"start":{"line":7,"column":0},"end":{"line":57,"column":null}}},"1":{"name":"Queue","decl":{"start":{"line":12,"column":4},"end":{"line":12,"column":19}},"loc":{"start":{"line":12,"column":4},"end":{"line":12,"column":20}}},"2":{"name":"(anonymous_2)","decl":{"start":{"line":14,"column":4},"end":{"line":14,"column":11}},"loc":{"start":{"line":14,"column":41},"end":{"line":16,"column":5}}},"3":{"name":"(anonymous_3)","decl":{"start":{"line":18,"column":4},"end":{"line":18,"column":11}},"loc":{"start":{"line":18,"column":53},"end":{"line":22,"column":5}}},"4":{"name":"(anonymous_4)","decl":{"start":{"line":19,"column":23},"end":{"line":19,"column":25}},"loc":{"start":{"line":19,"column":29},"end":{"line":21,"column":9}}},"5":{"name":"(anonymous_5)","decl":{"start":{"line":24,"column":4},"end":{"line":24,"column":11}},"loc":{"start":{"line":24,"column":4},"end":{"line":26,"column":5}}},"6":{"name":"(anonymous_6)","decl":{"start":{"line":28,"column":4},"end":{"line":28,"column":11}},"loc":{"start":{"line":28,"column":4},"end":{"line":30,"column":5}}},"7":{"name":"(anonymous_7)","decl":{"start":{"line":32,"column":4},"end":{"line":32,"column":11}},"loc":{"start":{"line":32,"column":4},"end":{"line":38,"column":5}}},"8":{"name":"(anonymous_8)","decl":{"start":{"line":40,"column":4},"end":{"line":40,"column":11}},"loc":{"start":{"line":40,"column":4},"end":{"line":42,"column":5}}},"9":{"name":"(anonymous_9)","decl":{"start":{"line":44,"column":4},"end":{"line":44,"column":12}},"loc":{"start":{"line":44,"column":46},"end":{"line":46,"column":5}}},"10":{"name":"(anonymous_10)","decl":{"start":{"line":48,"column":4},"end":{"line":48,"column":12}},"loc":{"start":{"line":48,"column":4},"end":{"line":55,"column":5}}}},"branchMap":{"0":{"loc":{"start":{"line":49,"column":8},"end":{"line":53,"column":null}},"type":"if","locations":[{"start":{"line":49,"column":8},"end":{"line":53,"column":null}},{"start":{"line":49,"column":8},"end":{"line":53,"column":null}}]}},"s":{"0":2,"1":10,"2":10,"3":10,"4":2,"5":6,"6":2,"7":2,"8":2,"9":4,"10":2,"11":2,"12":2,"13":10,"14":2,"15":4,"16":1,"17":4,"18":4,"19":2,"20":17,"21":2,"22":10,"23":2,"24":10,"25":5,"26":5,"27":5,"28":5,"29":2,"30":2},"f":{"0":2,"1":10,"2":6,"3":2,"4":4,"5":2,"6":10,"7":4,"8":17,"9":10,"10":10},"b":{"0":[5,5]}}
,"/Users/bostjan/Projects/TimedQueue/src/types.ts": {"path":"/Users/bostjan/Projects/TimedQueue/src/types.ts","statementMap":{"0":{"start":{"line":17,"column":0},"end":{"line":17,"column":null}},"1":{"start":{"line":18,"column":1},"end":{"line":18,"column":null}},"2":{"start":{"line":19,"column":1},"end":{"line":19,"column":null}}},"fnMap":{"0":{"name":"(anonymous_0)","decl":{"start":{"line":17,"column":0},"end":{"line":17,"column":12}},"loc":{"start":{"line":17,"column":22},"end":{"line":20,"column":1}}}},"branchMap":{"0":{"loc":{"start":{"line":17,"column":12},"end":{"line":17,"column":22}},"type":"binary-expr","locations":[{"start":{"line":17,"column":12},"end":{"line":17,"column":22}},{"start":{"line":17,"column":12},"end":{"line":17,"column":null}}]}},"s":{"0":2,"1":2,"2":2},"f":{"0":2},"b":{"0":[2,2]}}
}
