{"/Users/bostjan/Projects/TimedQueue/src/index.ts": {"path":"/Users/bostjan/Projects/TimedQueue/src/index.ts","statementMap":{"0":{"start":{"line":1,"column":0},"end":{"line":1,"column":7}},"1":{"start":{"line":13,"column":1},"end":{"line":1,"column":37}},"2":{"start":{"line":2,"column":0},"end":{"line":2,"column":7}},"3":{"start":{"line":14,"column":1},"end":{"line":2,"column":42}}},"fnMap":{},"branchMap":{},"s":{"0":2,"1":2,"2":2,"3":2},"f":{},"b":{}}
,"/Users/bostjan/Projects/TimedQueue/src/queue.ts": {"path":"/Users/bostjan/Projects/TimedQueue/src/queue.ts","statementMap":{"0":{"start":{"line":1,"column":0},"end":{"line":1,"column":35}},"1":{"start":{"line":3,"column":0},"end":{"line":3,"column":null}},"2":{"start":{"line":10,"column":0},"end":{"line":10,"column":null}},"3":{"start":{"line":14,"column":14},"end":{"line":14,"column":null}},"4":{"start":{"line":11,"column":9},"end":{"line":11,"column":null}},"5":{"start":{"line":12,"column":9},"end":{"line":12,"column":null}},"6":{"start":{"line":15,"column":2},"end":{"line":15,"column":null}},"7":{"start":{"line":21,"column":14},"end":{"line":48,"column":null}},"8":{"start":{"line":22,"column":8},"end":{"line":22,"column":null}},"9":{"start":{"line":23,"column":6},"end":{"line":23,"column":null}},"10":{"start":{"line":25,"column":9},"end":{"line":25,"column":null}},"11":{"start":{"line":25,"column":25},"end":{"line":25,"column":null}},"12":{"start":{"line":26,"column":9},"end":{"line":26,"column":null}},"13":{"start":{"line":27,"column":8},"end":{"line":27,"column":12}},"14":{"start":{"line":28,"column":8},"end":{"line":28,"column":null}},"15":{"start":{"line":29,"column":4},"end":{"line":31,"column":null}},"16":{"start":{"line":30,"column":5},"end":{"line":30,"column":null}},"17":{"start":{"line":33,"column":9},"end":{"line":33,"column":null}},"18":{"start":{"line":33,"column":37},"end":{"line":33,"column":null}},"19":{"start":{"line":34,"column":5},"end":{"line":34,"column":null}},"20":{"start":{"line":36,"column":10},"end":{"line":36,"column":null}},"21":{"start":{"line":37,"column":19},"end":{"line":37,"column":null}},"22":{"start":{"line":37,"column":10},"end":{"line":37,"column":null}},"23":{"start":{"line":38,"column":4},"end":{"line":38,"column":null}},"24":{"start":{"line":39,"column":9},"end":{"line":39,"column":null}},"25":{"start":{"line":39,"column":40},"end":{"line":39,"column":null}},"26":{"start":{"line":40,"column":5},"end":{"line":40,"column":null}},"27":{"start":{"line":43,"column":4},"end":{"line":43,"column":null}},"28":{"start":{"line":44,"column":4},"end":{"line":44,"column":null}},"29":{"start":{"line":47,"column":2},"end":{"line":47,"column":null}},"30":{"start":{"line":53,"column":8},"end":{"line":58,"column":null}},"31":{"start":{"line":54,"column":2},"end":{"line":57,"column":null}},"32":{"start":{"line":66,"column":9},"end":{"line":82,"column":null}},"33":{"start":{"line":67,"column":15},"end":{"line":67,"column":17}},"34":{"start":{"line":69,"column":2},"end":{"line":71,"column":null}},"35":{"start":{"line":70,"column":3},"end":{"line":70,"column":28}},"36":{"start":{"line":73,"column":2},"end":{"line":75,"column":null}},"37":{"start":{"line":74,"column":3},"end":{"line":74,"column":null}},"38":{"start":{"line":77,"column":2},"end":{"line":79,"column":null}},"39":{"start":{"line":78,"column":3},"end":{"line":78,"column":null}},"40":{"start":{"line":81,"column":2},"end":{"line":81,"column":null}},"41":{"start":{"line":89,"column":9},"end":{"line":100,"column":null}},"42":{"start":{"line":90,"column":2},"end":{"line":92,"column":null}},"43":{"start":{"line":91,"column":3},"end":{"line":91,"column":null}},"44":{"start":{"line":93,"column":2},"end":{"line":95,"column":null}},"45":{"start":{"line":94,"column":3},"end":{"line":94,"column":null}},"46":{"start":{"line":96,"column":2},"end":{"line":99,"column":null}},"47":{"start":{"line":97,"column":3},"end":{"line":97,"column":null}},"48":{"start":{"line":98,"column":3},"end":{"line":98,"column":null}},"49":{"start":{"line":109,"column":15},"end":{"line":126,"column":null}},"50":{"start":{"line":110,"column":6},"end":{"line":110,"column":null}},"51":{"start":{"line":112,"column":2},"end":{"line":114,"column":null}},"52":{"start":{"line":113,"column":3},"end":{"line":113,"column":null}},"53":{"start":{"line":116,"column":2},"end":{"line":125,"column":null}},"54":{"start":{"line":117,"column":3},"end":{"line":124,"column":null}},"55":{"start":{"line":117,"column":15},"end":{"line":124,"column":6}},"56":{"start":{"line":119,"column":20},"end":{"line":119,"column":61}},"57":{"start":{"line":119,"column":11},"end":{"line":119,"column":null}},"58":{"start":{"line":120,"column":5},"end":{"line":120,"column":null}},"59":{"start":{"line":122,"column":5},"end":{"line":122,"column":null}},"60":{"start":{"line":136,"column":15},"end":{"line":150,"column":null}},"61":{"start":{"line":136,"column":92},"end":{"line":136,"column":null}},"62":{"start":{"line":137,"column":7},"end":{"line":137,"column":12}},"63":{"start":{"line":138,"column":3},"end":{"line":140,"column":null}},"64":{"start":{"line":139,"column":4},"end":{"line":139,"column":null}},"65":{"start":{"line":141,"column":18},"end":{"line":141,"column":null}},"66":{"start":{"line":141,"column":77},"end":{"line":141,"column":80}},"67":{"start":{"line":141,"column":9},"end":{"line":141,"column":null}},"68":{"start":{"line":142,"column":3},"end":{"line":144,"column":null}},"69":{"start":{"line":143,"column":4},"end":{"line":143,"column":null}},"70":{"start":{"line":145,"column":8},"end":{"line":145,"column":14}},"71":{"start":{"line":146,"column":11},"end":{"line":146,"column":null}},"72":{"start":{"line":146,"column":4},"end":{"line":146,"column":null}},"73":{"start":{"line":148,"column":3},"end":{"line":148,"column":null}},"74":{"start":{"line":151,"column":0},"end":{"line":151,"column":null}},"75":{"start":{"line":153,"column":0},"end":{"line":153,"column":null}}},"fnMap":{"0":{"name":"(anonymous_15)","decl":{"start":{"line":10,"column":0},"end":{"line":10,"column":null}},"loc":{"start":{"line":10,"column":0},"end":{"line":151,"column":null}}},"1":{"name":"TimedRetryQueue","decl":{"start":{"line":14,"column":1},"end":{"line":14,"column":14}},"loc":{"start":{"line":14,"column":50},"end":{"line":16,"column":2}}},"2":{"name":"(anonymous_17)","decl":{"start":{"line":21,"column":1},"end":{"line":21,"column":14}},"loc":{"start":{"line":21,"column":51},"end":{"line":48,"column":null}}},"3":{"name":"(anonymous_20)","decl":{"start":{"line":53,"column":1},"end":{"line":53,"column":8}},"loc":{"start":{"line":53,"column":1},"end":{"line":58,"column":2}}},"4":{"name":"(anonymous_21)","decl":{"start":{"line":66,"column":1},"end":{"line":66,"column":9}},"loc":{"start":{"line":66,"column":80},"end":{"line":82,"column":2}}},"5":{"name":"(anonymous_22)","decl":{"start":{"line":89,"column":1},"end":{"line":89,"column":9}},"loc":{"start":{"line":89,"column":54},"end":{"line":100,"column":2}}},"6":{"name":"(anonymous_23)","decl":{"start":{"line":109,"column":1},"end":{"line":109,"column":15}},"loc":{"start":{"line":109,"column":99},"end":{"line":126,"column":null}}},"7":{"name":"(anonymous_26)","decl":{"start":{"line":116,"column":22},"end":{"line":116,"column":24}},"loc":{"start":{"line":116,"column":39},"end":{"line":125,"column":3}}},"8":{"name":"(anonymous_27)","decl":{"start":{"line":117,"column":15},"end":{"line":117,"column":null}},"loc":{"start":{"line":117,"column":15},"end":{"line":124,"column":6}}},"9":{"name":"(anonymous_30)","decl":{"start":{"line":136,"column":1},"end":{"line":136,"column":15}},"loc":{"start":{"line":136,"column":114},"end":{"line":150,"column":null}}},"10":{"name":"(anonymous_33)","decl":{"start":{"line":141,"column":72},"end":{"line":141,"column":73}},"loc":{"start":{"line":141,"column":73},"end":{"line":141,"column":78}}}},"branchMap":{"0":{"loc":{"start":{"line":14,"column":14},"end":{"line":14,"column":null}},"type":"if","locations":[{"start":{"line":14,"column":14},"end":{"line":14,"column":null}},{"start":{"line":14,"column":14},"end":{"line":14,"column":null}}]},"1":{"loc":{"start":{"line":47,"column":2},"end":{"line":47,"column":null}},"type":"switch","locations":[{"start":{"line":47,"column":2},"end":{"line":47,"column":null}}]},"2":{"loc":{"start":{"line":25,"column":9},"end":{"line":25,"column":null}},"type":"if","locations":[{"start":{"line":25,"column":9},"end":{"line":25,"column":null}},{"start":{"line":25,"column":9},"end":{"line":25,"column":null}}]},"3":{"loc":{"start":{"line":27,"column":8},"end":{"line":27,"column":12}},"type":"if","locations":[{"start":{"line":27,"column":8},"end":{"line":27,"column":12}},{"start":{"line":27,"column":8},"end":{"line":27,"column":12}}]},"4":{"loc":{"start":{"line":29,"column":4},"end":{"line":31,"column":null}},"type":"if","locations":[{"start":{"line":29,"column":4},"end":{"line":31,"column":null}},{"start":{"line":29,"column":4},"end":{"line":31,"column":null}}]},"5":{"loc":{"start":{"line":29,"column":24},"end":{"line":29,"column":26}},"type":"cond-expr","locations":[{"start":{"line":29,"column":24},"end":{"line":29,"column":26}},{"start":{"line":29,"column":24},"end":{"line":29,"column":33}}]},"6":{"loc":{"start":{"line":29,"column":4},"end":{"line":29,"column":26}},"type":"binary-expr","locations":[{"start":{"line":29,"column":4},"end":{"line":29,"column":26}},{"start":{"line":29,"column":24},"end":{"line":29,"column":26}}]},"7":{"loc":{"start":{"line":33,"column":9},"end":{"line":33,"column":null}},"type":"if","locations":[{"start":{"line":33,"column":9},"end":{"line":33,"column":null}},{"start":{"line":33,"column":9},"end":{"line":33,"column":null}}]},"8":{"loc":{"start":{"line":33,"column":24},"end":{"line":33,"column":26}},"type":"cond-expr","locations":[{"start":{"line":33,"column":24},"end":{"line":33,"column":26}},{"start":{"line":33,"column":24},"end":{"line":33,"column":37}}]},"9":{"loc":{"start":{"line":33,"column":9},"end":{"line":33,"column":26}},"type":"binary-expr","locations":[{"start":{"line":33,"column":9},"end":{"line":33,"column":26}},{"start":{"line":33,"column":24},"end":{"line":33,"column":26}}]},"10":{"loc":{"start":{"line":39,"column":9},"end":{"line":39,"column":null}},"type":"if","locations":[{"start":{"line":39,"column":9},"end":{"line":39,"column":null}},{"start":{"line":39,"column":9},"end":{"line":39,"column":null}}]},"11":{"loc":{"start":{"line":39,"column":24},"end":{"line":39,"column":26}},"type":"cond-expr","locations":[{"start":{"line":39,"column":24},"end":{"line":39,"column":26}},{"start":{"line":39,"column":24},"end":{"line":39,"column":40}}]},"12":{"loc":{"start":{"line":39,"column":9},"end":{"line":39,"column":26}},"type":"binary-expr","locations":[{"start":{"line":39,"column":9},"end":{"line":39,"column":26}},{"start":{"line":39,"column":24},"end":{"line":39,"column":26}}]},"13":{"loc":{"start":{"line":69,"column":2},"end":{"line":71,"column":null}},"type":"if","locations":[{"start":{"line":69,"column":2},"end":{"line":71,"column":null}},{"start":{"line":69,"column":2},"end":{"line":71,"column":null}}]},"14":{"loc":{"start":{"line":73,"column":2},"end":{"line":75,"column":null}},"type":"if","locations":[{"start":{"line":73,"column":2},"end":{"line":75,"column":null}},{"start":{"line":73,"column":2},"end":{"line":75,"column":null}}]},"15":{"loc":{"start":{"line":73,"column":7},"end":{"line":73,"column":46}},"type":"binary-expr","locations":[{"start":{"line":73,"column":7},"end":{"line":73,"column":46}},{"start":{"line":73,"column":50},"end":{"line":73,"column":75}}]},"16":{"loc":{"start":{"line":73,"column":22},"end":{"line":73,"column":24}},"type":"cond-expr","locations":[{"start":{"line":73,"column":22},"end":{"line":73,"column":24}},{"start":{"line":73,"column":22},"end":{"line":73,"column":46}}]},"17":{"loc":{"start":{"line":73,"column":7},"end":{"line":73,"column":24}},"type":"binary-expr","locations":[{"start":{"line":73,"column":7},"end":{"line":73,"column":24}},{"start":{"line":73,"column":22},"end":{"line":73,"column":24}}]},"18":{"loc":{"start":{"line":77,"column":2},"end":{"line":79,"column":null}},"type":"if","locations":[{"start":{"line":77,"column":2},"end":{"line":79,"column":null}},{"start":{"line":77,"column":2},"end":{"line":79,"column":null}}]},"19":{"loc":{"start":{"line":77,"column":7},"end":{"line":77,"column":30}},"type":"binary-expr","locations":[{"start":{"line":77,"column":7},"end":{"line":77,"column":30}},{"start":{"line":77,"column":30},"end":{"line":77,"column":69}}]},"20":{"loc":{"start":{"line":77,"column":49},"end":{"line":77,"column":51}},"type":"cond-expr","locations":[{"start":{"line":77,"column":49},"end":{"line":77,"column":51}},{"start":{"line":77,"column":49},"end":{"line":77,"column":69}}]},"21":{"loc":{"start":{"line":77,"column":30},"end":{"line":77,"column":51}},"type":"binary-expr","locations":[{"start":{"line":77,"column":30},"end":{"line":77,"column":51}},{"start":{"line":77,"column":49},"end":{"line":77,"column":51}}]},"22":{"loc":{"start":{"line":90,"column":2},"end":{"line":92,"column":null}},"type":"if","locations":[{"start":{"line":90,"column":2},"end":{"line":92,"column":null}},{"start":{"line":90,"column":2},"end":{"line":92,"column":null}}]},"23":{"loc":{"start":{"line":93,"column":2},"end":{"line":95,"column":null}},"type":"if","locations":[{"start":{"line":93,"column":2},"end":{"line":95,"column":null}},{"start":{"line":93,"column":2},"end":{"line":95,"column":null}}]},"24":{"loc":{"start":{"line":96,"column":2},"end":{"line":99,"column":null}},"type":"if","locations":[{"start":{"line":96,"column":2},"end":{"line":99,"column":null}},{"start":{"line":96,"column":2},"end":{"line":99,"column":null}}]},"25":{"loc":{"start":{"line":112,"column":2},"end":{"line":114,"column":null}},"type":"if","locations":[{"start":{"line":112,"column":2},"end":{"line":114,"column":null}},{"start":{"line":112,"column":2},"end":{"line":114,"column":null}}]},"26":{"loc":{"start":{"line":112,"column":7},"end":{"line":112,"column":32}},"type":"binary-expr","locations":[{"start":{"line":112,"column":7},"end":{"line":112,"column":32}},{"start":{"line":112,"column":36},"end":{"line":112,"column":52}}]},"27":{"loc":{"start":{"line":112,"column":22},"end":{"line":112,"column":24}},"type":"cond-expr","locations":[{"start":{"line":112,"column":22},"end":{"line":112,"column":24}},{"start":{"line":112,"column":22},"end":{"line":112,"column":32}}]},"28":{"loc":{"start":{"line":112,"column":7},"end":{"line":112,"column":24}},"type":"binary-expr","locations":[{"start":{"line":112,"column":7},"end":{"line":112,"column":24}},{"start":{"line":112,"column":22},"end":{"line":112,"column":24}}]},"29":{"loc":{"start":{"line":136,"column":92},"end":{"line":136,"column":null}},"type":"if","locations":[{"start":{"line":136,"column":92},"end":{"line":136,"column":null}},{"start":{"line":136,"column":92},"end":{"line":136,"column":null}}]},"30":{"loc":{"start":{"line":146,"column":4},"end":{"line":146,"column":null}},"type":"switch","locations":[{"start":{"line":146,"column":4},"end":{"line":146,"column":null}},{"start":{"line":148,"column":3},"end":{"line":148,"column":null}}]},"31":{"loc":{"start":{"line":137,"column":7},"end":{"line":137,"column":12}},"type":"if","locations":[{"start":{"line":137,"column":7},"end":{"line":137,"column":12}},{"start":{"line":137,"column":7},"end":{"line":137,"column":12}}]},"32":{"loc":{"start":{"line":138,"column":3},"end":{"line":140,"column":null}},"type":"if","locations":[{"start":{"line":138,"column":3},"end":{"line":140,"column":null}},{"start":{"line":138,"column":3},"end":{"line":140,"column":null}}]},"33":{"loc":{"start":{"line":138,"column":23},"end":{"line":138,"column":25}},"type":"cond-expr","locations":[{"start":{"line":138,"column":23},"end":{"line":138,"column":25}},{"start":{"line":138,"column":23},"end":{"line":138,"column":35}}]},"34":{"loc":{"start":{"line":138,"column":3},"end":{"line":138,"column":25}},"type":"binary-expr","locations":[{"start":{"line":138,"column":3},"end":{"line":138,"column":25}},{"start":{"line":138,"column":23},"end":{"line":138,"column":25}}]},"35":{"loc":{"start":{"line":142,"column":3},"end":{"line":144,"column":null}},"type":"if","locations":[{"start":{"line":142,"column":3},"end":{"line":144,"column":null}},{"start":{"line":142,"column":3},"end":{"line":144,"column":null}}]},"36":{"loc":{"start":{"line":142,"column":23},"end":{"line":142,"column":25}},"type":"cond-expr","locations":[{"start":{"line":142,"column":23},"end":{"line":142,"column":25}},{"start":{"line":142,"column":23},"end":{"line":142,"column":38}}]},"37":{"loc":{"start":{"line":142,"column":3},"end":{"line":142,"column":25}},"type":"binary-expr","locations":[{"start":{"line":142,"column":3},"end":{"line":142,"column":25}},{"start":{"line":142,"column":23},"end":{"line":142,"column":25}}]},"38":{"loc":{"start":{"line":145,"column":8},"end":{"line":145,"column":14}},"type":"if","locations":[{"start":{"line":145,"column":8},"end":{"line":145,"column":14}},{"start":{"line":145,"column":8},"end":{"line":145,"column":14}}]}},"s":{"0":2,"1":2,"2":2,"3":16,"4":9,"5":9,"6":9,"7":2,"8":8,"9":8,"10":29,"11":8,"12":21,"13":29,"14":13,"15":13,"16":9,"17":13,"18":12,"19":2,"20":13,"21":13,"22":13,"23":13,"24":13,"25":12,"26":2,"27":8,"28":8,"29":8,"30":2,"31":1,"32":2,"33":13,"34":13,"35":11,"36":13,"37":2,"38":13,"39":4,"40":13,"41":2,"42":9,"43":1,"44":9,"45":2,"46":9,"47":1,"48":1,"49":2,"50":20,"51":20,"52":7,"53":20,"54":20,"55":20,"56":20,"57":7,"58":7,"59":13,"60":2,"61":39,"62":32,"63":20,"64":2,"65":20,"66":13,"67":20,"68":20,"69":3,"70":27,"71":13,"72":13,"73":7,"74":2,"75":2},"f":{"0":2,"1":9,"2":8,"3":1,"4":13,"5":9,"6":20,"7":20,"8":40,"9":26,"10":13},"b":{"0":[7,2],"1":[8],"2":[8,21],"3":[8,13],"4":[9,4],"5":[2,11],"6":[13,13],"7":[12,1],"8":[2,11],"9":[13,13],"10":[12,1],"11":[2,11],"12":[13,13],"13":[11,2],"14":[2,11],"15":[13,2],"16":[2,11],"17":[13,13],"18":[4,9],"19":[13,11],"20":[2,9],"21":[11,11],"22":[1,8],"23":[2,7],"24":[1,8],"25":[7,13],"26":[20,14],"27":[2,18],"28":[20,20],"29":[13,13],"30":[13,7],"31":[6,20],"32":[2,18],"33":[2,18],"34":[20,20],"35":[3,17],"36":[2,18],"37":[20,20],"38":[7,13]}}
,"/Users/bostjan/Projects/TimedQueue/src/tasks.ts": {"path":"/Users/bostjan/Projects/TimedQueue/src/tasks.ts","statementMap":{"0":{"start":{"line":7,"column":0},"end":{"line":7,"column":null}},"1":{"start":{"line":8,"column":12},"end":{"line":8,"column":null}},"2":{"start":{"line":9,"column":12},"end":{"line":9,"column":null}},"3":{"start":{"line":10,"column":12},"end":{"line":10,"column":null}},"4":{"start":{"line":14,"column":11},"end":{"line":16,"column":null}},"5":{"start":{"line":15,"column":8},"end":{"line":15,"column":null}},"6":{"start":{"line":18,"column":11},"end":{"line":22,"column":null}},"7":{"start":{"line":18,"column":4},"end":{"line":18,"column":11}},"8":{"start":{"line":19,"column":8},"end":{"line":21,"column":null}},"9":{"start":{"line":20,"column":12},"end":{"line":20,"column":null}},"10":{"start":{"line":24,"column":11},"end":{"line":26,"column":null}},"11":{"start":{"line":25,"column":8},"end":{"line":25,"column":null}},"12":{"start":{"line":28,"column":11},"end":{"line":30,"column":null}},"13":{"start":{"line":29,"column":8},"end":{"line":29,"column":null}},"14":{"start":{"line":32,"column":11},"end":{"line":38,"column":null}},"15":{"start":{"line":33,"column":8},"end":{"line":35,"column":null}},"16":{"start":{"line":34,"column":12},"end":{"line":34,"column":null}},"17":{"start":{"line":36,"column":8},"end":{"line":36,"column":null}},"18":{"start":{"line":37,"column":8},"end":{"line":37,"column":null}},"19":{"start":{"line":40,"column":11},"end":{"line":42,"column":null}},"20":{"start":{"line":41,"column":8},"end":{"line":41,"column":null}},"21":{"start":{"line":44,"column":12},"end":{"line":46,"column":null}},"22":{"start":{"line":45,"column":8},"end":{"line":45,"column":null}},"23":{"start":{"line":48,"column":12},"end":{"line":55,"column":null}},"24":{"start":{"line":49,"column":8},"end":{"line":53,"column":null}},"25":{"start":{"line":50,"column":25},"end":{"line":50,"column":51}},"26":{"start":{"line":51,"column":12},"end":{"line":51,"column":null}},"27":{"start":{"line":52,"column":12},"end":{"line":52,"column":null}},"28":{"start":{"line":54,"column":8},"end":{"line":54,"column":null}},"29":{"start":{"line":57,"column":0},"end":{"line":57,"column":null}},"30":{"start":{"line":59,"column":0},"end":{"line":59,"column":null}}},"fnMap":{"0":{"name":"(anonymous_0)","decl":{"start":{"line":7,"column":0},"end":{"line":7,"column":null}},"loc":{"start":{"line":7,"column":0},"end":{"line":57,"column":null}}},"1":{"name":"Queue","decl":{"start":{"line":12,"column":4},"end":{"line":12,"column":19}},"loc":{"start":{"line":12,"column":4},"end":{"line":12,"column":20}}},"2":{"name":"(anonymous_2)","decl":{"start":{"line":14,"column":4},"end":{"line":14,"column":11}},"loc":{"start":{"line":14,"column":41},"end":{"line":16,"column":5}}},"3":{"name":"(anonymous_3)","decl":{"start":{"line":18,"column":4},"end":{"line":18,"column":11}},"loc":{"start":{"line":18,"column":53},"end":{"line":22,"column":5}}},"4":{"name":"(anonymous_4)","decl":{"start":{"line":19,"column":23},"end":{"line":19,"column":25}},"loc":{"start":{"line":19,"column":29},"end":{"line":21,"column":9}}},"5":{"name":"(anonymous_5)","decl":{"start":{"line":24,"column":4},"end":{"line":24,"column":11}},"loc":{"start":{"line":24,"column":4},"end":{"line":26,"column":5}}},"6":{"name":"(anonymous_6)","decl":{"start":{"line":28,"column":4},"end":{"line":28,"column":11}},"loc":{"start":{"line":28,"column":4},"end":{"line":30,"column":5}}},"7":{"name":"(anonymous_7)","decl":{"start":{"line":32,"column":4},"end":{"line":32,"column":11}},"loc":{"start":{"line":32,"column":4},"end":{"line":38,"column":5}}},"8":{"name":"(anonymous_8)","decl":{"start":{"line":40,"column":4},"end":{"line":40,"column":11}},"loc":{"start":{"line":40,"column":4},"end":{"line":42,"column":5}}},"9":{"name":"(anonymous_9)","decl":{"start":{"line":44,"column":4},"end":{"line":44,"column":12}},"loc":{"start":{"line":44,"column":46},"end":{"line":46,"column":5}}},"10":{"name":"(anonymous_10)","decl":{"start":{"line":48,"column":4},"end":{"line":48,"column":12}},"loc":{"start":{"line":48,"column":4},"end":{"line":55,"column":5}}}},"branchMap":{"0":{"loc":{"start":{"line":49,"column":8},"end":{"line":53,"column":null}},"type":"if","locations":[{"start":{"line":49,"column":8},"end":{"line":53,"column":null}},{"start":{"line":49,"column":8},"end":{"line":53,"column":null}}]}},"s":{"0":2,"1":15,"2":15,"3":15,"4":2,"5":15,"6":2,"7":2,"8":2,"9":4,"10":2,"11":2,"12":2,"13":24,"14":2,"15":9,"16":1,"17":9,"18":9,"19":2,"20":31,"21":2,"22":19,"23":2,"24":24,"25":14,"26":14,"27":14,"28":10,"29":2,"30":2},"f":{"0":2,"1":15,"2":15,"3":2,"4":4,"5":2,"6":24,"7":9,"8":31,"9":19,"10":24},"b":{"0":[14,10]}}
,"/Users/bostjan/Projects/TimedQueue/src/types.ts": {"path":"/Users/bostjan/Projects/TimedQueue/src/types.ts","statementMap":{"0":{"start":{"line":25,"column":0},"end":{"line":25,"column":null}},"1":{"start":{"line":26,"column":1},"end":{"line":26,"column":null}},"2":{"start":{"line":27,"column":1},"end":{"line":27,"column":null}}},"fnMap":{"0":{"name":"(anonymous_0)","decl":{"start":{"line":25,"column":0},"end":{"line":25,"column":12}},"loc":{"start":{"line":25,"column":22},"end":{"line":28,"column":1}}}},"branchMap":{"0":{"loc":{"start":{"line":25,"column":12},"end":{"line":25,"column":22}},"type":"binary-expr","locations":[{"start":{"line":25,"column":12},"end":{"line":25,"column":22}},{"start":{"line":25,"column":12},"end":{"line":25,"column":null}}]}},"s":{"0":2,"1":2,"2":2},"f":{"0":2},"b":{"0":[2,2]}}
}
