TN:
SF:src/index.ts
FNF:0
FNH:0
DA:1,2
DA:2,2
DA:13,2
DA:14,2
LF:4
LH:4
BRF:0
BRH:0
end_of_record
TN:
SF:src/queue.ts
FN:10,(anonymous_15)
FN:14,TimedRetryQueue
FN:21,(anonymous_17)
FN:53,(anonymous_20)
FN:66,(anonymous_21)
FN:89,(anonymous_22)
FN:109,(anonymous_23)
FN:116,(anonymous_26)
FN:117,(anonymous_27)
FN:136,(anonymous_30)
FN:141,(anonymous_33)
FNF:11
FNH:11
FNDA:2,(anonymous_15)
FNDA:9,TimedRetryQueue
FNDA:8,(anonymous_17)
FNDA:1,(anonymous_20)
FNDA:13,(anonymous_21)
FNDA:9,(anonymous_22)
FNDA:20,(anonymous_23)
FNDA:20,(anonymous_26)
FNDA:40,(anonymous_27)
FNDA:26,(anonymous_30)
FNDA:13,(anonymous_33)
DA:1,2
DA:3,2
DA:10,2
DA:11,9
DA:12,9
DA:14,16
DA:15,9
DA:21,2
DA:22,8
DA:23,8
DA:25,29
DA:26,21
DA:27,29
DA:28,13
DA:29,13
DA:30,9
DA:33,13
DA:34,2
DA:36,13
DA:37,13
DA:38,13
DA:39,13
DA:40,2
DA:43,8
DA:44,8
DA:47,8
DA:53,2
DA:54,1
DA:66,2
DA:67,13
DA:69,13
DA:70,11
DA:73,13
DA:74,2
DA:77,13
DA:78,4
DA:81,13
DA:89,2
DA:90,9
DA:91,1
DA:93,9
DA:94,2
DA:96,9
DA:97,1
DA:98,1
DA:109,2
DA:110,20
DA:112,20
DA:113,7
DA:116,20
DA:117,20
DA:119,20
DA:120,7
DA:122,13
DA:136,39
DA:137,32
DA:138,20
DA:139,2
DA:141,20
DA:142,20
DA:143,3
DA:145,27
DA:146,13
DA:148,7
DA:151,2
DA:153,2
LF:66
LH:66
BRDA:14,0,0,7
BRDA:14,0,1,2
BRDA:47,1,0,8
BRDA:25,2,0,8
BRDA:25,2,1,21
BRDA:27,3,0,8
BRDA:27,3,1,13
BRDA:29,4,0,9
BRDA:29,4,1,4
BRDA:29,5,0,2
BRDA:29,5,1,11
BRDA:29,6,0,13
BRDA:29,6,1,13
BRDA:33,7,0,12
BRDA:33,7,1,1
BRDA:33,8,0,2
BRDA:33,8,1,11
BRDA:33,9,0,13
BRDA:33,9,1,13
BRDA:39,10,0,12
BRDA:39,10,1,1
BRDA:39,11,0,2
BRDA:39,11,1,11
BRDA:39,12,0,13
BRDA:39,12,1,13
BRDA:69,13,0,11
BRDA:69,13,1,2
BRDA:73,14,0,2
BRDA:73,14,1,11
BRDA:73,15,0,13
BRDA:73,15,1,2
BRDA:73,16,0,2
BRDA:73,16,1,11
BRDA:73,17,0,13
BRDA:73,17,1,13
BRDA:77,18,0,4
BRDA:77,18,1,9
BRDA:77,19,0,13
BRDA:77,19,1,11
BRDA:77,20,0,2
BRDA:77,20,1,9
BRDA:77,21,0,11
BRDA:77,21,1,11
BRDA:90,22,0,1
BRDA:90,22,1,8
BRDA:93,23,0,2
BRDA:93,23,1,7
BRDA:96,24,0,1
BRDA:96,24,1,8
BRDA:112,25,0,7
BRDA:112,25,1,13
BRDA:112,26,0,20
BRDA:112,26,1,14
BRDA:112,27,0,2
BRDA:112,27,1,18
BRDA:112,28,0,20
BRDA:112,28,1,20
BRDA:136,29,0,13
BRDA:136,29,1,13
BRDA:146,30,0,13
BRDA:146,30,1,7
BRDA:137,31,0,6
BRDA:137,31,1,20
BRDA:138,32,0,2
BRDA:138,32,1,18
BRDA:138,33,0,2
BRDA:138,33,1,18
BRDA:138,34,0,20
BRDA:138,34,1,20
BRDA:142,35,0,3
BRDA:142,35,1,17
BRDA:142,36,0,2
BRDA:142,36,1,18
BRDA:142,37,0,20
BRDA:142,37,1,20
BRDA:145,38,0,7
BRDA:145,38,1,13
BRF:77
BRH:77
end_of_record
TN:
SF:src/tasks.ts
FN:7,(anonymous_0)
FN:12,Queue
FN:14,(anonymous_2)
FN:18,(anonymous_3)
FN:19,(anonymous_4)
FN:24,(anonymous_5)
FN:28,(anonymous_6)
FN:32,(anonymous_7)
FN:40,(anonymous_8)
FN:44,(anonymous_9)
FN:48,(anonymous_10)
FNF:11
FNH:11
FNDA:2,(anonymous_0)
FNDA:15,Queue
FNDA:15,(anonymous_2)
FNDA:2,(anonymous_3)
FNDA:4,(anonymous_4)
FNDA:2,(anonymous_5)
FNDA:24,(anonymous_6)
FNDA:9,(anonymous_7)
FNDA:31,(anonymous_8)
FNDA:19,(anonymous_9)
FNDA:24,(anonymous_10)
DA:7,2
DA:8,15
DA:9,15
DA:10,15
DA:14,2
DA:15,15
DA:18,2
DA:19,2
DA:20,4
DA:24,2
DA:25,2
DA:28,2
DA:29,24
DA:32,2
DA:33,9
DA:34,1
DA:36,9
DA:37,9
DA:40,2
DA:41,31
DA:44,2
DA:45,19
DA:48,2
DA:49,24
DA:50,14
DA:51,14
DA:52,14
DA:54,10
DA:57,2
DA:59,2
LF:30
LH:30
BRDA:49,0,0,14
BRDA:49,0,1,10
BRF:2
BRH:2
end_of_record
TN:
SF:src/types.ts
FN:25,(anonymous_0)
FNF:1
FNH:1
FNDA:2,(anonymous_0)
DA:25,2
DA:26,2
DA:27,2
LF:3
LH:3
BRDA:25,0,0,2
BRDA:25,0,1,2
BRF:2
BRH:2
end_of_record
