TN:
SF:src/index.ts
FNF:0
FNH:0
DA:1,2
DA:2,2
DA:13,2
DA:14,2
LF:4
LH:4
BRF:0
BRH:0
end_of_record
TN:
SF:src/queue.ts
FN:10,(anonymous_15)
FN:13,TimedRetryQueue
FN:20,(anonymous_17)
FN:44,(anonymous_20)
FN:55,(anonymous_21)
FN:67,(anonymous_22)
FN:75,(anonymous_25)
FN:76,(anonymous_26)
FN:93,(anonymous_29)
FN:95,(anonymous_32)
FNF:10
FNH:10
FNDA:2,(anonymous_15)
FNDA:4,TimedRetryQueue
FNDA:3,(anonymous_17)
FNDA:1,(anonymous_20)
FNDA:4,(anonymous_21)
FNDA:5,(anonymous_22)
FNDA:5,(anonymous_25)
FNDA:10,(anonymous_26)
FNDA:6,(anonymous_29)
FNDA:2,(anonymous_32)
DA:1,2
DA:3,2
DA:10,2
DA:11,4
DA:13,7
DA:14,4
DA:20,2
DA:21,3
DA:22,3
DA:24,10
DA:25,7
DA:26,10
DA:27,4
DA:28,4
DA:29,1
DA:31,4
DA:32,4
DA:34,3
DA:35,3
DA:38,3
DA:44,2
DA:45,1
DA:55,2
DA:56,4
DA:57,1
DA:67,2
DA:68,5
DA:69,5
DA:71,5
DA:72,1
DA:75,5
DA:76,5
DA:78,5
DA:79,3
DA:81,2
DA:93,8
DA:94,7
DA:95,5
DA:96,8
DA:97,2
DA:99,3
DA:102,2
DA:104,2
LF:43
LH:43
BRDA:13,0,0,3
BRDA:13,0,1,1
BRDA:38,1,0,3
BRDA:24,2,0,3
BRDA:24,2,1,7
BRDA:26,3,0,3
BRDA:26,3,1,4
BRDA:28,4,0,1
BRDA:28,4,1,3
BRDA:28,5,0,3
BRDA:28,5,1,1
BRDA:28,6,0,4
BRDA:28,6,1,4
BRDA:56,7,0,1
BRDA:56,7,1,3
BRDA:68,8,0,5
BRDA:68,8,1,3
BRDA:71,9,0,1
BRDA:71,9,1,4
BRDA:71,10,0,5
BRDA:71,10,1,2
BRDA:71,11,0,3
BRDA:71,11,1,2
BRDA:71,12,0,5
BRDA:71,12,1,5
BRDA:93,13,0,2
BRDA:93,13,1,4
BRDA:97,14,0,2
BRDA:97,14,1,3
BRDA:94,15,0,1
BRDA:94,15,1,5
BRDA:96,16,0,3
BRDA:96,16,1,2
BRF:33
BRH:33
end_of_record
TN:
SF:src/tasks.ts
FN:7,(anonymous_0)
FN:12,TimedRetryQueueTasks
FN:14,(anonymous_2)
FN:18,(anonymous_3)
FN:19,(anonymous_4)
FN:24,(anonymous_5)
FN:28,(anonymous_6)
FN:32,(anonymous_7)
FN:40,(anonymous_8)
FN:44,(anonymous_9)
FN:48,(anonymous_10)
FNF:11
FNH:11
FNDA:2,(anonymous_0)
FNDA:10,TimedRetryQueueTasks
FNDA:6,(anonymous_2)
FNDA:2,(anonymous_3)
FNDA:4,(anonymous_4)
FNDA:2,(anonymous_5)
FNDA:10,(anonymous_6)
FNDA:4,(anonymous_7)
FNDA:17,(anonymous_8)
FNDA:10,(anonymous_9)
FNDA:10,(anonymous_10)
DA:7,2
DA:8,10
DA:9,10
DA:10,10
DA:14,2
DA:15,6
DA:18,2
DA:19,2
DA:20,4
DA:24,2
DA:25,2
DA:28,2
DA:29,10
DA:32,2
DA:33,4
DA:34,1
DA:36,4
DA:37,4
DA:40,2
DA:41,17
DA:44,2
DA:45,10
DA:48,2
DA:49,10
DA:50,5
DA:51,5
DA:52,5
DA:54,5
DA:57,2
DA:59,2
LF:30
LH:30
BRDA:49,0,0,5
BRDA:49,0,1,5
BRF:2
BRH:2
end_of_record
TN:
SF:src/types.ts
FN:17,(anonymous_0)
FNF:1
FNH:1
FNDA:2,(anonymous_0)
DA:17,2
DA:18,2
DA:19,2
LF:3
LH:3
BRDA:17,0,0,2
BRDA:17,0,1,2
BRF:2
BRH:2
end_of_record
